#
# There is insufficient memory for the Java Runtime Environment to continue.
# Native memory allocation (mmap) failed to map 98566144 bytes for Failed to commit area from 0x00000000a2200000 to 0x00000000a8000000 of length 98566144.
# Possible reasons:
#   The system is out of physical RAM or swap space
#   The process is running with CompressedOops enabled, and the Java Heap may be blocking the growth of the native heap
# Possible solutions:
#   Reduce memory load on the system
#   Increase physical memory or swap space
#   Check if swap backing store is full
#   Decrease Java heap size (-Xmx/-Xms)
#   Decrease number of Java threads
#   Decrease Java thread stack sizes (-Xss)
#   Set larger code cache with -XX:ReservedCodeCacheSize=
# This output file may be truncated or incomplete.
#
#  Out of Memory Error (./src/hotspot/os/windows/os_windows.cpp:3390), pid=12992, tid=2172
#
# JRE version:  (11.0.15+10) (build )
# Java VM: OpenJDK 64-Bit Server VM (11.0.15+10, mixed mode, sharing, tiered, compressed oops, g1 gc, windows-amd64)
# No core dump will be written. Minidumps are not enabled by default on client versions of Windows
#

---------------  S U M M A R Y ------------

Command Line: 

Host: AMD Ryzen 7 5700U with Radeon Graphics         , 16 cores, 5G,  Windows 11 , 64 bit Build 22000 (10.0.22000.708)
Time: Mon Aug  1 20:41:47 2022 Hora oficial do Brasil elapsed time: 0.456011 seconds (0d 0h 0m 0s)

---------------  T H R E A D  ---------------

Current thread (0x000002a4d2c1e000):  JavaThread "Unknown thread" [_thread_in_vm, id=2172, stack(0x000000d493200000,0x000000d493300000)]

Stack: [0x000000d493200000,0x000000d493300000]
Native frames: (J=compiled Java code, j=interpreted, Vv=VM code, C=native code)
V  [jvm.dll+0x61e72a]
V  [jvm.dll+0x7aae49]
V  [jvm.dll+0x7ac538]
V  [jvm.dll+0x7acc13]
V  [jvm.dll+0x24fb28]
V  [jvm.dll+0x61b9ca]
V  [jvm.dll+0x610225]
V  [jvm.dll+0x30784c]
V  [jvm.dll+0x3076d2]
V  [jvm.dll+0x30c3e6]
V  [jvm.dll+0x35283f]
V  [jvm.dll+0x352270]
V  [jvm.dll+0x2e4848]
V  [jvm.dll+0x2e59a6]
V  [jvm.dll+0x784c97]
V  [jvm.dll+0x78641f]
V  [jvm.dll+0x35f589]
V  [jvm.dll+0x767c30]
V  [jvm.dll+0x3cd07f]
V  [jvm.dll+0x3cf411]
C  [jli.dll+0x5207]
C  [ucrtbase.dll+0x26c0c]
C  [KERNEL32.DLL+0x154e0]
C  [ntdll.dll+0x485b]


---------------  P R O C E S S  ---------------

Threads class SMR info:
_java_thread_list=0x000002a4d2b45f40, length=0, elements={
}

Java Threads: ( => current thread )

Other Threads:
  0x000002a4d4e45000 GCTaskThread "GC Thread#0" [stack: 0x000000d493300000,0x000000d493400000] [id=8816]
  0x000002a4d4e6e000 ConcurrentGCThread "G1 Main Marker" [stack: 0x000000d493400000,0x000000d493500000] [id=16844]
  0x000002a4d4e70800 ConcurrentGCThread "G1 Conc#0" [stack: 0x000000d493500000,0x000000d493600000] [id=13200]

[error occurred during error reporting (printing all threads), id 0xc0000005, EXCEPTION_ACCESS_VIOLATION (0xc0000005) at pc=0x00007ffb94d04017]

VM state:not at safepoint (not fully initialized)

VM Mutex/Monitor currently owned by a thread:  ([mutex/lock_event])
[0x000002a4d2c1a930] Heap_lock - owner thread: 0x000002a4d2c1e000

Heap address: 0x00000000a2200000, size: 1502 MB, Compressed Oops mode: Non-zero based: 0x00000000a2200000
Narrow klass base: 0x0000000000000000, Narrow klass shift: 0

GC Heap History (0 events):
No events

Deoptimization events (0 events):
No events

Classes redefined (0 events):
No events

Internal exceptions (0 events):
No events

Events (1 events):
Event: 0.259 Loaded shared library C:\Program Files\Eclipse Adoptium\jdk-11.0.15.10-hotspot\bin\zip.dll


Dynamic libraries:
0x00007ff7448d0000 - 0x00007ff7448dd000 	C:\Program Files\Eclipse Adoptium\jdk-11.0.15.10-hotspot\bin\java.exe
0x00007ffc4ffe0000 - 0x00007ffc501e9000 	C:\Windows\SYSTEM32\ntdll.dll
0x00007ffc4f590000 - 0x00007ffc4f64d000 	C:\Windows\System32\KERNEL32.DLL
0x00007ffc4daf0000 - 0x00007ffc4de69000 	C:\Windows\System32\KERNELBASE.dll
0x00007ffc4d530000 - 0x00007ffc4d641000 	C:\Windows\System32\ucrtbase.dll
0x00007ffc1c800000 - 0x00007ffc1c817000 	C:\Program Files\Eclipse Adoptium\jdk-11.0.15.10-hotspot\bin\jli.dll
0x00007ffc1a390000 - 0x00007ffc1a3a5000 	C:\Program Files\Eclipse Adoptium\jdk-11.0.15.10-hotspot\bin\VCRUNTIME140.dll
0x00007ffc4f6c0000 - 0x00007ffc4f86c000 	C:\Windows\System32\USER32.dll
0x00007ffc4d6f0000 - 0x00007ffc4d716000 	C:\Windows\System32\win32u.dll
0x00007ffc4edb0000 - 0x00007ffc4edd9000 	C:\Windows\System32\GDI32.dll
0x00007ffc4d9d0000 - 0x00007ffc4dae2000 	C:\Windows\System32\gdi32full.dll
0x00007ffc4d650000 - 0x00007ffc4d6ed000 	C:\Windows\System32\msvcp_win.dll
0x00007ffc35360000 - 0x00007ffc35605000 	C:\Windows\WinSxS\amd64_microsoft.windows.common-controls_6595b64144ccf1df_6.0.22000.120_none_9d947278b86cc467\COMCTL32.dll
0x00007ffc4f380000 - 0x00007ffc4f423000 	C:\Windows\System32\msvcrt.dll
0x00007ffc4ebd0000 - 0x00007ffc4ec01000 	C:\Windows\System32\IMM32.DLL
0x00007ffc13e70000 - 0x00007ffc13f0b000 	C:\Program Files\Eclipse Adoptium\jdk-11.0.15.10-hotspot\bin\msvcp140.dll
0x00007ffb94a10000 - 0x00007ffb95591000 	C:\Program Files\Eclipse Adoptium\jdk-11.0.15.10-hotspot\bin\server\jvm.dll
0x00007ffc4f960000 - 0x00007ffc4fa0e000 	C:\Windows\System32\ADVAPI32.dll
0x00007ffc4ff00000 - 0x00007ffc4ff9e000 	C:\Windows\System32\sechost.dll
0x00007ffc4edf0000 - 0x00007ffc4ef10000 	C:\Windows\System32\RPCRT4.dll
0x00007ffc4e250000 - 0x00007ffc4e258000 	C:\Windows\System32\PSAPI.DLL
0x00007ffc38070000 - 0x00007ffc38079000 	C:\Windows\SYSTEM32\WSOCK32.dll
0x00007ffc47c20000 - 0x00007ffc47c53000 	C:\Windows\SYSTEM32\WINMM.dll
0x00007ffc483a0000 - 0x00007ffc483aa000 	C:\Windows\SYSTEM32\VERSION.dll
0x00007ffc4fe30000 - 0x00007ffc4fe9f000 	C:\Windows\System32\ws2_32.DLL
0x00007ffc4c5c0000 - 0x00007ffc4c5d8000 	C:\Windows\SYSTEM32\kernel.appcore.dll
0x00007ffc3af10000 - 0x00007ffc3af20000 	C:\Program Files\Eclipse Adoptium\jdk-11.0.15.10-hotspot\bin\verify.dll
0x00007ffc4b270000 - 0x00007ffc4b491000 	C:\Windows\SYSTEM32\DBGHELP.DLL
0x00007ffc3d1f0000 - 0x00007ffc3d221000 	C:\Windows\SYSTEM32\dbgcore.DLL
0x00007ffc4d950000 - 0x00007ffc4d9cf000 	C:\Windows\System32\bcryptPrimitives.dll
0x00007ffc15ab0000 - 0x00007ffc15ad8000 	C:\Program Files\Eclipse Adoptium\jdk-11.0.15.10-hotspot\bin\java.dll
0x00007ffc31eb0000 - 0x00007ffc31eba000 	C:\Program Files\Eclipse Adoptium\jdk-11.0.15.10-hotspot\bin\jimage.dll
0x00007ffc18a20000 - 0x00007ffc18a38000 	C:\Program Files\Eclipse Adoptium\jdk-11.0.15.10-hotspot\bin\zip.dll

dbghelp: loaded successfully - version: 4.0.5 - missing functions: none
symbol engine: initialized successfully - sym options: 0x614 - pdb path: .;C:\Program Files\Eclipse Adoptium\jdk-11.0.15.10-hotspot\bin;C:\Windows\SYSTEM32;C:\Windows\WinSxS\amd64_microsoft.windows.common-controls_6595b64144ccf1df_6.0.22000.120_none_9d947278b86cc467;C:\Program Files\Eclipse Adoptium\jdk-11.0.15.10-hotspot\bin\server

VM Arguments:
java_command: <unknown>
java_class_path (initial): <not set>
Launcher Type: SUN_STANDARD

[Global flags]
     intx CICompilerCount                          = 12                                        {product} {ergonomic}
     uint ConcGCThreads                            = 3                                         {product} {ergonomic}
     uint G1ConcRefinementThreads                  = 13                                        {product} {ergonomic}
   size_t G1HeapRegionSize                         = 1048576                                   {product} {ergonomic}
    uintx GCDrainStackTargetSize                   = 64                                        {product} {ergonomic}
   size_t InitialHeapSize                          = 98566144                                  {product} {ergonomic}
   size_t MarkStackSize                            = 4194304                                   {product} {ergonomic}
   size_t MaxHeapSize                              = 1574961152                                {product} {ergonomic}
   size_t MinHeapDeltaBytes                        = 1048576                                   {product} {ergonomic}
    uintx NonNMethodCodeHeapSize                   = 7594288                                {pd product} {ergonomic}
    uintx NonProfiledCodeHeapSize                  = 122031976                              {pd product} {ergonomic}
    uintx ProfiledCodeHeapSize                     = 122031976                              {pd product} {ergonomic}
    uintx ReservedCodeCacheSize                    = 251658240                              {pd product} {ergonomic}
     bool SegmentedCodeCache                       = true                                      {product} {ergonomic}
     bool UseCompressedClassPointers               = true                                 {lp64_product} {ergonomic}
     bool UseCompressedOops                        = true                                 {lp64_product} {ergonomic}
     bool UseG1GC                                  = true                                      {product} {ergonomic}
     bool UseLargePagesIndividualAllocation        = false                                  {pd product} {ergonomic}

Logging:
Log output configuration:
 #0: stdout all=warning uptime,level,tags
 #1: stderr all=off uptime,level,tags

Environment Variables:
PATH=C:\Program Files\Eclipse Adoptium\jdk-11.0.15.10-hotspot\bin;C:\Program Files (x86)\NVIDIA Corporation\PhysX\Common;C:\Python310\Scripts\;C:\Python310\;C:\Windows\system32;C:\Windows;C:\Windows\System32\Wbem;C:\Windows\System32\WindowsPowerShell\v1.0\;C:\Windows\System32\OpenSSH\;C:\Program Files\nodejs\;C:\ProgramData\chocolatey\bin;C:\Program Files\Git\cmd;C:\Ruby27-x64\bin;C:\Users\malan\AppData\Local\Microsoft\WindowsApps;;C:\Users\malan\AppData\Local\Programs\Microsoft VS Code\bin;C:\Users\malan\AppData\Roaming\npm;C:\Program Files\heroku\bin
USERNAME=malan
OS=Windows_NT
PROCESSOR_IDENTIFIER=AMD64 Family 23 Model 104 Stepping 1, AuthenticAMD



---------------  S Y S T E M  ---------------

OS: Windows 11 , 64 bit Build 22000 (10.0.22000.708)
OS uptime: 0 days 8:54 hours

CPU:total 16 (initial active 16) (16 cores per cpu, 2 threads per core) family 23 model 104 stepping 1 microcode 0x0, cmov, cx8, fxsr, mmx, sse, sse2, sse3, ssse3, sse4.1, sse4.2, popcnt, avx, avx2, aes, clmul, mmxext, 3dnowpref, lzcnt, sse4a, ht, tsc, tscinvbit, tscinv, bmi1, bmi2, adx, sha, fma

Memory: 4k page, system-wide physical 6005M (149M free)
TotalPageFile size 24437M (AvailPageFile size 37M)
current process WorkingSet (physical memory assigned to process): 9M, peak: 9M
current process commit charge ("private bytes"): 70M, peak: 164M

vm_info: OpenJDK 64-Bit Server VM (11.0.15+10) for windows-amd64 JRE (11.0.15+10), built on Apr 19 2022 22:29:44 by "" with unknown MS VC++:1916

END.
